0 info it worked if it ends with ok
1 verbose cli [ 'C:\\Program Files\\nodejs\\node.exe',
1 verbose cli   'C:\\Program Files\\nodejs\\node_modules\\npm\\bin\\npm-cli.js',
1 verbose cli   'run',
1 verbose cli   'test-karma' ]
2 info using npm@3.10.10
3 info using node@v6.10.3
4 verbose run-script [ 'pretest-karma', 'test-karma', 'posttest-karma' ]
5 info lifecycle comtrade-grunt@1.0.0~pretest-karma: comtrade-grunt@1.0.0
6 silly lifecycle comtrade-grunt@1.0.0~pretest-karma: no script for pretest-karma, continuing
7 info lifecycle comtrade-grunt@1.0.0~test-karma: comtrade-grunt@1.0.0
8 verbose lifecycle comtrade-grunt@1.0.0~test-karma: unsafe-perm in lifecycle true
9 verbose lifecycle comtrade-grunt@1.0.0~test-karma: PATH: C:\Program Files\nodejs\node_modules\npm\bin\node-gyp-bin;D:\angular10\trunk\node_modules\.bin;D:\DP\bin\bin\java\apache-maven\3.0.3\bin;C:\Program Files\HP_Fortify\HP_Fortify_SCA_and_Apps_4.02\bin;C:\Strawberry\c\bin;C:\Strawberry\perl\site\bin;C:\Strawberry\perl\bin;C:\Program Files\apache-maven-3.3.3\bin;C:\ProgramData\Oracle\Java\javapath;C:\Program Files (x86)\Intel\iCLS Client\;C:\Program Files\Intel\iCLS Client\;C:\Windows\system32;C:\Windows;C:\Windows\System32\Wbem;C:\Windows\System32\WindowsPowerShell\v1.0\;C:\Program Files\Intel\Intel(R) Management Engine Components\DAL;C:\Program Files (x86)\Intel\Intel(R) Management Engine Components\DAL;C:\Program Files\Intel\Intel(R) Management Engine Components\IPT;C:\Program Files (x86)\Intel\Intel(R) Management Engine Components\IPT;C:\Program Files (x86)\Microsoft SQL Server\90\Tools\binn\;C:\Program Files\Electric Cloud\ElectricCommander\bin;C:\Program Files (x86)\Windows Kits\8.1\Windows Performance Toolkit\;C:\Program Files\Collaborator Client;C:\Program Files\Microsoft\Web Platform Installer\;C:\Program Files (x86)\Microsoft ASP.NET\ASP.NET Web Pages\v1.0\;C:\Program Files (x86)\Windows Kits\8.0\Windows Performance Toolkit\;C:\Program Files\Microsoft SQL Server\110\Tools\Binn\;C:\Program Files\TortoiseSVN\bin;C:\Program Files\Intel\WiFi\bin\;C:\Program Files\Common Files\Intel\WirelessCommon\;C:\Program Files\nodejs\;C:\HashiCorp\Vagrant\bin;C:\Program Files\Git\cmd;C:\Program Files\OmniBack\bin\;C:\Program Files (x86)\Collaborator Client;C:\Users\sjure\AppData\Roaming\npm;C:\Program Files (x86)\Microsoft VS Code\bin
10 verbose lifecycle comtrade-grunt@1.0.0~test-karma: CWD: D:\angular10\trunk
11 silly lifecycle comtrade-grunt@1.0.0~test-karma: Args: [ '/d /s /c', 'karma start' ]
12 silly lifecycle comtrade-grunt@1.0.0~test-karma: Returned: code: 3221225786  signal: null
13 info lifecycle comtrade-grunt@1.0.0~test-karma: Failed to exec test-karma script
14 verbose stack Error: comtrade-grunt@1.0.0 test-karma: `karma start`
14 verbose stack Exit status 3221225786
14 verbose stack     at EventEmitter.<anonymous> (C:\Program Files\nodejs\node_modules\npm\lib\utils\lifecycle.js:255:16)
14 verbose stack     at emitTwo (events.js:106:13)
14 verbose stack     at EventEmitter.emit (events.js:191:7)
14 verbose stack     at ChildProcess.<anonymous> (C:\Program Files\nodejs\node_modules\npm\lib\utils\spawn.js:40:14)
14 verbose stack     at emitTwo (events.js:106:13)
14 verbose stack     at ChildProcess.emit (events.js:191:7)
14 verbose stack     at maybeClose (internal/child_process.js:886:16)
14 verbose stack     at Process.ChildProcess._handle.onexit (internal/child_process.js:226:5)
15 verbose pkgid comtrade-grunt@1.0.0
16 verbose cwd D:\angular10\trunk
17 error Windows_NT 6.3.9600
18 error argv "C:\\Program Files\\nodejs\\node.exe" "C:\\Program Files\\nodejs\\node_modules\\npm\\bin\\npm-cli.js" "run" "test-karma"
19 error node v6.10.3
20 error npm  v3.10.10
21 error code ELIFECYCLE
22 error comtrade-grunt@1.0.0 test-karma: `karma start`
22 error Exit status 3221225786
23 error Failed at the comtrade-grunt@1.0.0 test-karma script 'karma start'.
23 error Make sure you have the latest version of node.js and npm installed.
23 error If you do, this is most likely a problem with the comtrade-grunt package,
23 error not with npm itself.
23 error Tell the author that this fails on your system:
23 error     karma start
23 error You can get information on how to open an issue for this project with:
23 error     npm bugs comtrade-grunt
23 error Or if that isn't available, you can get their info via:
23 error     npm owner ls comtrade-grunt
23 error There is likely additional logging output above.
24 verbose exit [ 1, true ]
